<?xml version="1.0" encoding="UTF-8"?>
<robot generator="Robot 3.2.1 (Python 3.8.3 on win32)" generated="20200724 17:43:01.137" rpa="false">
<suite id="s1" name="Invalidlogintest" source="D:\AutomationChallengeCode\TestCases\invalidlogintest.robot">
<kw name="Open Site Browser" library="LoginKeywords" type="setup">
<arguments>
<arg>${Siteurl.lg}</arg>
<arg>${browser}</arg>
<arg>${Title}</arg>
</arguments>
<kw name="Open Browser" library="SeleniumLibrary">
<doc>Opens a new browser instance to the optional ``url``.</doc>
<arguments>
<arg>${SiteUrl}</arg>
<arg>${Browser}</arg>
</arguments>
<msg timestamp="20200724 17:43:01.741" level="INFO">Opening browser 'chrome' to base url 'http://automationpractice.com/'.</msg>
<status status="PASS" starttime="20200724 17:43:01.740" endtime="20200724 17:43:10.399"></status>
</kw>
<kw name="Maximize Browser Window" library="SeleniumLibrary">
<doc>Maximizes current browser window.</doc>
<status status="PASS" starttime="20200724 17:43:10.399" endtime="20200724 17:43:12.519"></status>
</kw>
<kw name="Title Should Be" library="SeleniumLibrary">
<doc>Verifies that the current page title equals ``title``.</doc>
<arguments>
<arg>${Title}</arg>
</arguments>
<msg timestamp="20200724 17:43:12.530" level="INFO">Page title is 'My Store'.</msg>
<status status="PASS" starttime="20200724 17:43:12.519" endtime="20200724 17:43:12.530"></status>
</kw>
<status status="PASS" starttime="20200724 17:43:01.740" endtime="20200724 17:43:12.530"></status>
</kw>
<test id="s1-t1" name="Login user with email as test_automation_2020@test.com and password as ">
<kw name="Invalid Login">
<doc>Login Details is exported from the LoginPageObject</doc>
<arguments>
<arg>test_automation_2020@test.com</arg>
<arg>${EMPTY}</arg>
</arguments>
<kw name="Login Details Object" library="LoginPageObject">
<arguments>
<arg>${Email}</arg>
<arg>${Password}</arg>
<arg>${LoginPageTitle}</arg>
</arguments>
<kw name="Set Selenium Speed" library="SeleniumLibrary">
<doc>Sets the delay that is waited after each Selenium command.</doc>
<arguments>
<arg>1</arg>
</arguments>
<status status="PASS" starttime="20200724 17:43:12.533" endtime="20200724 17:43:12.533"></status>
</kw>
<kw name="Click Sigin Link" library="LoginKeywords">
<kw name="Click Link" library="SeleniumLibrary">
<doc>Clicks a link identified by ``locator``.</doc>
<arguments>
<arg>${Signin_Link}</arg>
</arguments>
<msg timestamp="20200724 17:43:12.534" level="INFO">Clicking link 'xpath://a[@class='login']'.</msg>
<status status="PASS" starttime="20200724 17:43:12.533" endtime="20200724 17:43:18.125"></status>
</kw>
<status status="PASS" starttime="20200724 17:43:12.533" endtime="20200724 17:43:18.125"></status>
</kw>
<kw name="Verify Page Title" library="LoginKeywords">
<arguments>
<arg>${CurrentPageTitle}</arg>
</arguments>
<kw name="Title Should Be" library="SeleniumLibrary">
<doc>Verifies that the current page title equals ``title``.</doc>
<arguments>
<arg>${PageTitle}</arg>
</arguments>
<msg timestamp="20200724 17:43:19.130" level="INFO">Page title is 'Login - My Store'.</msg>
<status status="PASS" starttime="20200724 17:43:18.125" endtime="20200724 17:43:19.130"></status>
</kw>
<status status="PASS" starttime="20200724 17:43:18.125" endtime="20200724 17:43:19.131"></status>
</kw>
<kw name="Sleep" library="BuiltIn">
<doc>Pauses the test executed for the given time.</doc>
<arguments>
<arg>3</arg>
</arguments>
<msg timestamp="20200724 17:43:22.133" level="INFO">Slept 3 seconds</msg>
<status status="PASS" starttime="20200724 17:43:19.131" endtime="20200724 17:43:22.133"></status>
</kw>
<kw name="Enter UserEmail" library="LoginKeywords">
<arguments>
<arg>${Email}</arg>
</arguments>
<kw name="Input Text" library="SeleniumLibrary">
<doc>Types the given ``text`` into the text field identified by ``locator``.</doc>
<arguments>
<arg>${UserEmailAddress}</arg>
<arg>${Email}</arg>
</arguments>
<msg timestamp="20200724 17:43:22.136" level="INFO">Typing text 'test_automation_2020@test.com' into text field 'name:email'.</msg>
<status status="PASS" starttime="20200724 17:43:22.135" endtime="20200724 17:43:25.333"></status>
</kw>
<status status="PASS" starttime="20200724 17:43:22.133" endtime="20200724 17:43:25.333"></status>
</kw>
<kw name="Enter UserPassword" library="LoginKeywords">
<arguments>
<arg>${Password}</arg>
</arguments>
<kw name="Input Text" library="SeleniumLibrary">
<doc>Types the given ``text`` into the text field identified by ``locator``.</doc>
<arguments>
<arg>${UserPassword}</arg>
<arg>${Password}</arg>
</arguments>
<msg timestamp="20200724 17:43:25.334" level="INFO">Typing text '' into text field 'name:passwd'.</msg>
<status status="PASS" starttime="20200724 17:43:25.333" endtime="20200724 17:43:28.434"></status>
</kw>
<status status="PASS" starttime="20200724 17:43:25.333" endtime="20200724 17:43:28.434"></status>
</kw>
<kw name="Click Signin Button" library="LoginKeywords">
<kw name="Click Button" library="SeleniumLibrary">
<doc>Clicks the button identified by ``locator``.</doc>
<arguments>
<arg>${SigninButton}</arg>
</arguments>
<msg timestamp="20200724 17:43:28.435" level="INFO">Clicking button 'id:SubmitLogin'.</msg>
<status status="PASS" starttime="20200724 17:43:28.434" endtime="20200724 17:43:34.605"></status>
</kw>
<status status="PASS" starttime="20200724 17:43:28.434" endtime="20200724 17:43:34.605"></status>
</kw>
<status status="PASS" starttime="20200724 17:43:12.532" endtime="20200724 17:43:34.605"></status>
</kw>
<kw name="Visible Sigin Error Message" library="LoginKeywords">
<arguments>
<arg>${Error Message}</arg>
</arguments>
<kw name="Page Should Contain" library="SeleniumLibrary">
<doc>Verifies that current page contains ``text``.</doc>
<arguments>
<arg>${ErrorMessage}</arg>
</arguments>
<msg timestamp="20200724 17:43:36.625" level="INFO">Current page contains text 'There is 1 error'.</msg>
<status status="PASS" starttime="20200724 17:43:34.606" endtime="20200724 17:43:36.625"></status>
</kw>
<status status="PASS" starttime="20200724 17:43:34.605" endtime="20200724 17:43:36.625"></status>
</kw>
<status status="PASS" starttime="20200724 17:43:12.531" endtime="20200724 17:43:36.625"></status>
</kw>
<status status="PASS" starttime="20200724 17:43:12.530" endtime="20200724 17:43:36.626" critical="yes"></status>
</test>
<test id="s1-t2" name="Login user with email as test_automation_2020@test.com and password as malta1">
<kw name="Invalid Login">
<doc>Login Details is exported from the LoginPageObject</doc>
<arguments>
<arg>test_automation_2020@test.com</arg>
<arg>malta1</arg>
</arguments>
<kw name="Login Details Object" library="LoginPageObject">
<arguments>
<arg>${Email}</arg>
<arg>${Password}</arg>
<arg>${LoginPageTitle}</arg>
</arguments>
<kw name="Set Selenium Speed" library="SeleniumLibrary">
<doc>Sets the delay that is waited after each Selenium command.</doc>
<arguments>
<arg>1</arg>
</arguments>
<status status="PASS" starttime="20200724 17:43:36.629" endtime="20200724 17:43:36.629"></status>
</kw>
<kw name="Click Sigin Link" library="LoginKeywords">
<kw name="Click Link" library="SeleniumLibrary">
<doc>Clicks a link identified by ``locator``.</doc>
<arguments>
<arg>${Signin_Link}</arg>
</arguments>
<msg timestamp="20200724 17:43:36.629" level="INFO">Clicking link 'xpath://a[@class='login']'.</msg>
<status status="PASS" starttime="20200724 17:43:36.629" endtime="20200724 17:43:40.886"></status>
</kw>
<status status="PASS" starttime="20200724 17:43:36.629" endtime="20200724 17:43:40.887"></status>
</kw>
<kw name="Verify Page Title" library="LoginKeywords">
<arguments>
<arg>${CurrentPageTitle}</arg>
</arguments>
<kw name="Title Should Be" library="SeleniumLibrary">
<doc>Verifies that the current page title equals ``title``.</doc>
<arguments>
<arg>${PageTitle}</arg>
</arguments>
<msg timestamp="20200724 17:43:41.895" level="INFO">Page title is 'Login - My Store'.</msg>
<status status="PASS" starttime="20200724 17:43:40.889" endtime="20200724 17:43:41.895"></status>
</kw>
<status status="PASS" starttime="20200724 17:43:40.887" endtime="20200724 17:43:41.895"></status>
</kw>
<kw name="Sleep" library="BuiltIn">
<doc>Pauses the test executed for the given time.</doc>
<arguments>
<arg>3</arg>
</arguments>
<msg timestamp="20200724 17:43:44.897" level="INFO">Slept 3 seconds</msg>
<status status="PASS" starttime="20200724 17:43:41.896" endtime="20200724 17:43:44.897"></status>
</kw>
<kw name="Enter UserEmail" library="LoginKeywords">
<arguments>
<arg>${Email}</arg>
</arguments>
<kw name="Input Text" library="SeleniumLibrary">
<doc>Types the given ``text`` into the text field identified by ``locator``.</doc>
<arguments>
<arg>${UserEmailAddress}</arg>
<arg>${Email}</arg>
</arguments>
<msg timestamp="20200724 17:43:44.898" level="INFO">Typing text 'test_automation_2020@test.com' into text field 'name:email'.</msg>
<status status="PASS" starttime="20200724 17:43:44.897" endtime="20200724 17:43:48.092"></status>
</kw>
<status status="PASS" starttime="20200724 17:43:44.897" endtime="20200724 17:43:48.092"></status>
</kw>
<kw name="Enter UserPassword" library="LoginKeywords">
<arguments>
<arg>${Password}</arg>
</arguments>
<kw name="Input Text" library="SeleniumLibrary">
<doc>Types the given ``text`` into the text field identified by ``locator``.</doc>
<arguments>
<arg>${UserPassword}</arg>
<arg>${Password}</arg>
</arguments>
<msg timestamp="20200724 17:43:48.093" level="INFO">Typing text 'malta1' into text field 'name:passwd'.</msg>
<status status="PASS" starttime="20200724 17:43:48.093" endtime="20200724 17:43:51.184"></status>
</kw>
<status status="PASS" starttime="20200724 17:43:48.092" endtime="20200724 17:43:51.185"></status>
</kw>
<kw name="Click Signin Button" library="LoginKeywords">
<kw name="Click Button" library="SeleniumLibrary">
<doc>Clicks the button identified by ``locator``.</doc>
<arguments>
<arg>${SigninButton}</arg>
</arguments>
<msg timestamp="20200724 17:43:51.187" level="INFO">Clicking button 'id:SubmitLogin'.</msg>
<status status="PASS" starttime="20200724 17:43:51.186" endtime="20200724 17:43:57.306"></status>
</kw>
<status status="PASS" starttime="20200724 17:43:51.185" endtime="20200724 17:43:57.307"></status>
</kw>
<status status="PASS" starttime="20200724 17:43:36.628" endtime="20200724 17:43:57.307"></status>
</kw>
<kw name="Visible Sigin Error Message" library="LoginKeywords">
<arguments>
<arg>${Error Message}</arg>
</arguments>
<kw name="Page Should Contain" library="SeleniumLibrary">
<doc>Verifies that current page contains ``text``.</doc>
<arguments>
<arg>${ErrorMessage}</arg>
</arguments>
<msg timestamp="20200724 17:43:59.332" level="INFO">Current page contains text 'There is 1 error'.</msg>
<status status="PASS" starttime="20200724 17:43:57.309" endtime="20200724 17:43:59.332"></status>
</kw>
<status status="PASS" starttime="20200724 17:43:57.308" endtime="20200724 17:43:59.332"></status>
</kw>
<status status="PASS" starttime="20200724 17:43:36.628" endtime="20200724 17:43:59.333"></status>
</kw>
<status status="PASS" starttime="20200724 17:43:36.627" endtime="20200724 17:43:59.333" critical="yes"></status>
</test>
<test id="s1-t3" name="Login user with email as  and password as malta">
<kw name="Invalid Login">
<doc>Login Details is exported from the LoginPageObject</doc>
<arguments>
<arg>${EMPTY}</arg>
<arg>malta</arg>
</arguments>
<kw name="Login Details Object" library="LoginPageObject">
<arguments>
<arg>${Email}</arg>
<arg>${Password}</arg>
<arg>${LoginPageTitle}</arg>
</arguments>
<kw name="Set Selenium Speed" library="SeleniumLibrary">
<doc>Sets the delay that is waited after each Selenium command.</doc>
<arguments>
<arg>1</arg>
</arguments>
<status status="PASS" starttime="20200724 17:43:59.343" endtime="20200724 17:43:59.343"></status>
</kw>
<kw name="Click Sigin Link" library="LoginKeywords">
<kw name="Click Link" library="SeleniumLibrary">
<doc>Clicks a link identified by ``locator``.</doc>
<arguments>
<arg>${Signin_Link}</arg>
</arguments>
<msg timestamp="20200724 17:43:59.345" level="INFO">Clicking link 'xpath://a[@class='login']'.</msg>
<status status="PASS" starttime="20200724 17:43:59.345" endtime="20200724 17:44:04.325"></status>
</kw>
<status status="PASS" starttime="20200724 17:43:59.344" endtime="20200724 17:44:04.325"></status>
</kw>
<kw name="Verify Page Title" library="LoginKeywords">
<arguments>
<arg>${CurrentPageTitle}</arg>
</arguments>
<kw name="Title Should Be" library="SeleniumLibrary">
<doc>Verifies that the current page title equals ``title``.</doc>
<arguments>
<arg>${PageTitle}</arg>
</arguments>
<msg timestamp="20200724 17:44:05.332" level="INFO">Page title is 'Login - My Store'.</msg>
<status status="PASS" starttime="20200724 17:44:04.326" endtime="20200724 17:44:05.332"></status>
</kw>
<status status="PASS" starttime="20200724 17:44:04.325" endtime="20200724 17:44:05.332"></status>
</kw>
<kw name="Sleep" library="BuiltIn">
<doc>Pauses the test executed for the given time.</doc>
<arguments>
<arg>3</arg>
</arguments>
<msg timestamp="20200724 17:44:08.333" level="INFO">Slept 3 seconds</msg>
<status status="PASS" starttime="20200724 17:44:05.332" endtime="20200724 17:44:08.333"></status>
</kw>
<kw name="Enter UserEmail" library="LoginKeywords">
<arguments>
<arg>${Email}</arg>
</arguments>
<kw name="Input Text" library="SeleniumLibrary">
<doc>Types the given ``text`` into the text field identified by ``locator``.</doc>
<arguments>
<arg>${UserEmailAddress}</arg>
<arg>${Email}</arg>
</arguments>
<msg timestamp="20200724 17:44:08.334" level="INFO">Typing text '' into text field 'name:email'.</msg>
<status status="PASS" starttime="20200724 17:44:08.333" endtime="20200724 17:44:11.450"></status>
</kw>
<status status="PASS" starttime="20200724 17:44:08.333" endtime="20200724 17:44:11.450"></status>
</kw>
<kw name="Enter UserPassword" library="LoginKeywords">
<arguments>
<arg>${Password}</arg>
</arguments>
<kw name="Input Text" library="SeleniumLibrary">
<doc>Types the given ``text`` into the text field identified by ``locator``.</doc>
<arguments>
<arg>${UserPassword}</arg>
<arg>${Password}</arg>
</arguments>
<msg timestamp="20200724 17:44:11.451" level="INFO">Typing text 'malta' into text field 'name:passwd'.</msg>
<status status="PASS" starttime="20200724 17:44:11.450" endtime="20200724 17:44:14.557"></status>
</kw>
<status status="PASS" starttime="20200724 17:44:11.450" endtime="20200724 17:44:14.557"></status>
</kw>
<kw name="Click Signin Button" library="LoginKeywords">
<kw name="Click Button" library="SeleniumLibrary">
<doc>Clicks the button identified by ``locator``.</doc>
<arguments>
<arg>${SigninButton}</arg>
</arguments>
<msg timestamp="20200724 17:44:14.557" level="INFO">Clicking button 'id:SubmitLogin'.</msg>
<status status="PASS" starttime="20200724 17:44:14.557" endtime="20200724 17:44:22.821"></status>
</kw>
<status status="PASS" starttime="20200724 17:44:14.557" endtime="20200724 17:44:22.821"></status>
</kw>
<status status="PASS" starttime="20200724 17:43:59.341" endtime="20200724 17:44:22.821"></status>
</kw>
<kw name="Visible Sigin Error Message" library="LoginKeywords">
<arguments>
<arg>${Error Message}</arg>
</arguments>
<kw name="Page Should Contain" library="SeleniumLibrary">
<doc>Verifies that current page contains ``text``.</doc>
<arguments>
<arg>${ErrorMessage}</arg>
</arguments>
<msg timestamp="20200724 17:44:24.838" level="INFO">Current page contains text 'There is 1 error'.</msg>
<status status="PASS" starttime="20200724 17:44:22.822" endtime="20200724 17:44:24.838"></status>
</kw>
<status status="PASS" starttime="20200724 17:44:22.821" endtime="20200724 17:44:24.838"></status>
</kw>
<status status="PASS" starttime="20200724 17:43:59.339" endtime="20200724 17:44:24.838"></status>
</kw>
<status status="PASS" starttime="20200724 17:43:59.337" endtime="20200724 17:44:24.839" critical="yes"></status>
</test>
<test id="s1-t4" name="Login user with email as  and password as ">
<kw name="Invalid Login">
<doc>Login Details is exported from the LoginPageObject</doc>
<arguments>
<arg>${EMPTY}</arg>
<arg>${EMPTY}</arg>
</arguments>
<kw name="Login Details Object" library="LoginPageObject">
<arguments>
<arg>${Email}</arg>
<arg>${Password}</arg>
<arg>${LoginPageTitle}</arg>
</arguments>
<kw name="Set Selenium Speed" library="SeleniumLibrary">
<doc>Sets the delay that is waited after each Selenium command.</doc>
<arguments>
<arg>1</arg>
</arguments>
<status status="PASS" starttime="20200724 17:44:24.842" endtime="20200724 17:44:24.842"></status>
</kw>
<kw name="Click Sigin Link" library="LoginKeywords">
<kw name="Click Link" library="SeleniumLibrary">
<doc>Clicks a link identified by ``locator``.</doc>
<arguments>
<arg>${Signin_Link}</arg>
</arguments>
<msg timestamp="20200724 17:44:24.843" level="INFO">Clicking link 'xpath://a[@class='login']'.</msg>
<status status="PASS" starttime="20200724 17:44:24.842" endtime="20200724 17:44:30.159"></status>
</kw>
<status status="PASS" starttime="20200724 17:44:24.842" endtime="20200724 17:44:30.159"></status>
</kw>
<kw name="Verify Page Title" library="LoginKeywords">
<arguments>
<arg>${CurrentPageTitle}</arg>
</arguments>
<kw name="Title Should Be" library="SeleniumLibrary">
<doc>Verifies that the current page title equals ``title``.</doc>
<arguments>
<arg>${PageTitle}</arg>
</arguments>
<msg timestamp="20200724 17:44:31.165" level="INFO">Page title is 'Login - My Store'.</msg>
<status status="PASS" starttime="20200724 17:44:30.159" endtime="20200724 17:44:31.165"></status>
</kw>
<status status="PASS" starttime="20200724 17:44:30.159" endtime="20200724 17:44:31.166"></status>
</kw>
<kw name="Sleep" library="BuiltIn">
<doc>Pauses the test executed for the given time.</doc>
<arguments>
<arg>3</arg>
</arguments>
<msg timestamp="20200724 17:44:34.169" level="INFO">Slept 3 seconds</msg>
<status status="PASS" starttime="20200724 17:44:31.167" endtime="20200724 17:44:34.169"></status>
</kw>
<kw name="Enter UserEmail" library="LoginKeywords">
<arguments>
<arg>${Email}</arg>
</arguments>
<kw name="Input Text" library="SeleniumLibrary">
<doc>Types the given ``text`` into the text field identified by ``locator``.</doc>
<arguments>
<arg>${UserEmailAddress}</arg>
<arg>${Email}</arg>
</arguments>
<msg timestamp="20200724 17:44:34.170" level="INFO">Typing text '' into text field 'name:email'.</msg>
<status status="PASS" starttime="20200724 17:44:34.170" endtime="20200724 17:44:37.252"></status>
</kw>
<status status="PASS" starttime="20200724 17:44:34.169" endtime="20200724 17:44:37.253"></status>
</kw>
<kw name="Enter UserPassword" library="LoginKeywords">
<arguments>
<arg>${Password}</arg>
</arguments>
<kw name="Input Text" library="SeleniumLibrary">
<doc>Types the given ``text`` into the text field identified by ``locator``.</doc>
<arguments>
<arg>${UserPassword}</arg>
<arg>${Password}</arg>
</arguments>
<msg timestamp="20200724 17:44:37.258" level="INFO">Typing text '' into text field 'name:passwd'.</msg>
<status status="PASS" starttime="20200724 17:44:37.257" endtime="20200724 17:44:40.353"></status>
</kw>
<status status="PASS" starttime="20200724 17:44:37.254" endtime="20200724 17:44:40.353"></status>
</kw>
<kw name="Click Signin Button" library="LoginKeywords">
<kw name="Click Button" library="SeleniumLibrary">
<doc>Clicks the button identified by ``locator``.</doc>
<arguments>
<arg>${SigninButton}</arg>
</arguments>
<msg timestamp="20200724 17:44:40.354" level="INFO">Clicking button 'id:SubmitLogin'.</msg>
<status status="PASS" starttime="20200724 17:44:40.353" endtime="20200724 17:44:46.715"></status>
</kw>
<status status="PASS" starttime="20200724 17:44:40.353" endtime="20200724 17:44:46.715"></status>
</kw>
<status status="PASS" starttime="20200724 17:44:24.841" endtime="20200724 17:44:46.715"></status>
</kw>
<kw name="Visible Sigin Error Message" library="LoginKeywords">
<arguments>
<arg>${Error Message}</arg>
</arguments>
<kw name="Page Should Contain" library="SeleniumLibrary">
<doc>Verifies that current page contains ``text``.</doc>
<arguments>
<arg>${ErrorMessage}</arg>
</arguments>
<msg timestamp="20200724 17:44:48.740" level="INFO">Current page contains text 'There is 1 error'.</msg>
<status status="PASS" starttime="20200724 17:44:46.715" endtime="20200724 17:44:48.740"></status>
</kw>
<status status="PASS" starttime="20200724 17:44:46.715" endtime="20200724 17:44:48.741"></status>
</kw>
<status status="PASS" starttime="20200724 17:44:24.841" endtime="20200724 17:44:48.741"></status>
</kw>
<status status="PASS" starttime="20200724 17:44:24.840" endtime="20200724 17:44:48.743" critical="yes"></status>
</test>
<test id="s1-t5" name="Login user with email as  and password as malta2">
<kw name="Invalid Login">
<doc>Login Details is exported from the LoginPageObject</doc>
<arguments>
<arg>${EMPTY}</arg>
<arg>malta2</arg>
</arguments>
<kw name="Login Details Object" library="LoginPageObject">
<arguments>
<arg>${Email}</arg>
<arg>${Password}</arg>
<arg>${LoginPageTitle}</arg>
</arguments>
<kw name="Set Selenium Speed" library="SeleniumLibrary">
<doc>Sets the delay that is waited after each Selenium command.</doc>
<arguments>
<arg>1</arg>
</arguments>
<status status="PASS" starttime="20200724 17:44:48.753" endtime="20200724 17:44:48.754"></status>
</kw>
<kw name="Click Sigin Link" library="LoginKeywords">
<kw name="Click Link" library="SeleniumLibrary">
<doc>Clicks a link identified by ``locator``.</doc>
<arguments>
<arg>${Signin_Link}</arg>
</arguments>
<msg timestamp="20200724 17:44:48.755" level="INFO">Clicking link 'xpath://a[@class='login']'.</msg>
<status status="PASS" starttime="20200724 17:44:48.754" endtime="20200724 17:44:53.312"></status>
</kw>
<status status="PASS" starttime="20200724 17:44:48.754" endtime="20200724 17:44:53.314"></status>
</kw>
<kw name="Verify Page Title" library="LoginKeywords">
<arguments>
<arg>${CurrentPageTitle}</arg>
</arguments>
<kw name="Title Should Be" library="SeleniumLibrary">
<doc>Verifies that the current page title equals ``title``.</doc>
<arguments>
<arg>${PageTitle}</arg>
</arguments>
<msg timestamp="20200724 17:44:54.325" level="INFO">Page title is 'Login - My Store'.</msg>
<status status="PASS" starttime="20200724 17:44:53.316" endtime="20200724 17:44:54.325"></status>
</kw>
<status status="PASS" starttime="20200724 17:44:53.314" endtime="20200724 17:44:54.325"></status>
</kw>
<kw name="Sleep" library="BuiltIn">
<doc>Pauses the test executed for the given time.</doc>
<arguments>
<arg>3</arg>
</arguments>
<msg timestamp="20200724 17:44:57.326" level="INFO">Slept 3 seconds</msg>
<status status="PASS" starttime="20200724 17:44:54.325" endtime="20200724 17:44:57.326"></status>
</kw>
<kw name="Enter UserEmail" library="LoginKeywords">
<arguments>
<arg>${Email}</arg>
</arguments>
<kw name="Input Text" library="SeleniumLibrary">
<doc>Types the given ``text`` into the text field identified by ``locator``.</doc>
<arguments>
<arg>${UserEmailAddress}</arg>
<arg>${Email}</arg>
</arguments>
<msg timestamp="20200724 17:44:57.327" level="INFO">Typing text '' into text field 'name:email'.</msg>
<status status="PASS" starttime="20200724 17:44:57.326" endtime="20200724 17:45:00.399"></status>
</kw>
<status status="PASS" starttime="20200724 17:44:57.326" endtime="20200724 17:45:00.400"></status>
</kw>
<kw name="Enter UserPassword" library="LoginKeywords">
<arguments>
<arg>${Password}</arg>
</arguments>
<kw name="Input Text" library="SeleniumLibrary">
<doc>Types the given ``text`` into the text field identified by ``locator``.</doc>
<arguments>
<arg>${UserPassword}</arg>
<arg>${Password}</arg>
</arguments>
<msg timestamp="20200724 17:45:00.403" level="INFO">Typing text 'malta2' into text field 'name:passwd'.</msg>
<status status="PASS" starttime="20200724 17:45:00.402" endtime="20200724 17:45:03.506"></status>
</kw>
<status status="PASS" starttime="20200724 17:45:00.400" endtime="20200724 17:45:03.506"></status>
</kw>
<kw name="Click Signin Button" library="LoginKeywords">
<kw name="Click Button" library="SeleniumLibrary">
<doc>Clicks the button identified by ``locator``.</doc>
<arguments>
<arg>${SigninButton}</arg>
</arguments>
<msg timestamp="20200724 17:45:03.507" level="INFO">Clicking button 'id:SubmitLogin'.</msg>
<status status="PASS" starttime="20200724 17:45:03.507" endtime="20200724 17:45:09.858"></status>
</kw>
<status status="PASS" starttime="20200724 17:45:03.506" endtime="20200724 17:45:09.858"></status>
</kw>
<status status="PASS" starttime="20200724 17:44:48.751" endtime="20200724 17:45:09.858"></status>
</kw>
<kw name="Visible Sigin Error Message" library="LoginKeywords">
<arguments>
<arg>${Error Message}</arg>
</arguments>
<kw name="Page Should Contain" library="SeleniumLibrary">
<doc>Verifies that current page contains ``text``.</doc>
<arguments>
<arg>${ErrorMessage}</arg>
</arguments>
<msg timestamp="20200724 17:45:11.885" level="INFO">Current page contains text 'There is 1 error'.</msg>
<status status="PASS" starttime="20200724 17:45:09.859" endtime="20200724 17:45:11.885"></status>
</kw>
<status status="PASS" starttime="20200724 17:45:09.858" endtime="20200724 17:45:11.885"></status>
</kw>
<status status="PASS" starttime="20200724 17:44:48.749" endtime="20200724 17:45:11.885"></status>
</kw>
<status status="PASS" starttime="20200724 17:44:48.747" endtime="20200724 17:45:11.886" critical="yes"></status>
</test>
<test id="s1-t6" name="Login user with email as test001_automation_2020@test.com and password as malta">
<kw name="Invalid Login">
<doc>Login Details is exported from the LoginPageObject</doc>
<arguments>
<arg>test001_automation_2020@test.com</arg>
<arg>malta</arg>
</arguments>
<kw name="Login Details Object" library="LoginPageObject">
<arguments>
<arg>${Email}</arg>
<arg>${Password}</arg>
<arg>${LoginPageTitle}</arg>
</arguments>
<kw name="Set Selenium Speed" library="SeleniumLibrary">
<doc>Sets the delay that is waited after each Selenium command.</doc>
<arguments>
<arg>1</arg>
</arguments>
<status status="PASS" starttime="20200724 17:45:11.890" endtime="20200724 17:45:11.890"></status>
</kw>
<kw name="Click Sigin Link" library="LoginKeywords">
<kw name="Click Link" library="SeleniumLibrary">
<doc>Clicks a link identified by ``locator``.</doc>
<arguments>
<arg>${Signin_Link}</arg>
</arguments>
<msg timestamp="20200724 17:45:11.891" level="INFO">Clicking link 'xpath://a[@class='login']'.</msg>
<status status="PASS" starttime="20200724 17:45:11.891" endtime="20200724 17:45:16.387"></status>
</kw>
<status status="PASS" starttime="20200724 17:45:11.890" endtime="20200724 17:45:16.387"></status>
</kw>
<kw name="Verify Page Title" library="LoginKeywords">
<arguments>
<arg>${CurrentPageTitle}</arg>
</arguments>
<kw name="Title Should Be" library="SeleniumLibrary">
<doc>Verifies that the current page title equals ``title``.</doc>
<arguments>
<arg>${PageTitle}</arg>
</arguments>
<msg timestamp="20200724 17:45:17.392" level="INFO">Page title is 'Login - My Store'.</msg>
<status status="PASS" starttime="20200724 17:45:16.388" endtime="20200724 17:45:17.392"></status>
</kw>
<status status="PASS" starttime="20200724 17:45:16.387" endtime="20200724 17:45:17.393"></status>
</kw>
<kw name="Sleep" library="BuiltIn">
<doc>Pauses the test executed for the given time.</doc>
<arguments>
<arg>3</arg>
</arguments>
<msg timestamp="20200724 17:45:20.395" level="INFO">Slept 3 seconds</msg>
<status status="PASS" starttime="20200724 17:45:17.393" endtime="20200724 17:45:20.395"></status>
</kw>
<kw name="Enter UserEmail" library="LoginKeywords">
<arguments>
<arg>${Email}</arg>
</arguments>
<kw name="Input Text" library="SeleniumLibrary">
<doc>Types the given ``text`` into the text field identified by ``locator``.</doc>
<arguments>
<arg>${UserEmailAddress}</arg>
<arg>${Email}</arg>
</arguments>
<msg timestamp="20200724 17:45:20.398" level="INFO">Typing text 'test001_automation_2020@test.com' into text field 'name:email'.</msg>
<status status="PASS" starttime="20200724 17:45:20.397" endtime="20200724 17:45:23.585"></status>
</kw>
<status status="PASS" starttime="20200724 17:45:20.396" endtime="20200724 17:45:23.586"></status>
</kw>
<kw name="Enter UserPassword" library="LoginKeywords">
<arguments>
<arg>${Password}</arg>
</arguments>
<kw name="Input Text" library="SeleniumLibrary">
<doc>Types the given ``text`` into the text field identified by ``locator``.</doc>
<arguments>
<arg>${UserPassword}</arg>
<arg>${Password}</arg>
</arguments>
<msg timestamp="20200724 17:45:23.589" level="INFO">Typing text 'malta' into text field 'name:passwd'.</msg>
<status status="PASS" starttime="20200724 17:45:23.588" endtime="20200724 17:45:26.761"></status>
</kw>
<status status="PASS" starttime="20200724 17:45:23.586" endtime="20200724 17:45:26.762"></status>
</kw>
<kw name="Click Signin Button" library="LoginKeywords">
<kw name="Click Button" library="SeleniumLibrary">
<doc>Clicks the button identified by ``locator``.</doc>
<arguments>
<arg>${SigninButton}</arg>
</arguments>
<msg timestamp="20200724 17:45:26.764" level="INFO">Clicking button 'id:SubmitLogin'.</msg>
<status status="PASS" starttime="20200724 17:45:26.763" endtime="20200724 17:45:32.958"></status>
</kw>
<status status="PASS" starttime="20200724 17:45:26.762" endtime="20200724 17:45:32.958"></status>
</kw>
<status status="PASS" starttime="20200724 17:45:11.889" endtime="20200724 17:45:32.958"></status>
</kw>
<kw name="Visible Sigin Error Message" library="LoginKeywords">
<arguments>
<arg>${Error Message}</arg>
</arguments>
<kw name="Page Should Contain" library="SeleniumLibrary">
<doc>Verifies that current page contains ``text``.</doc>
<arguments>
<arg>${ErrorMessage}</arg>
</arguments>
<msg timestamp="20200724 17:45:34.990" level="INFO">Current page contains text 'There is 1 error'.</msg>
<status status="PASS" starttime="20200724 17:45:32.959" endtime="20200724 17:45:34.990"></status>
</kw>
<status status="PASS" starttime="20200724 17:45:32.958" endtime="20200724 17:45:34.991"></status>
</kw>
<status status="PASS" starttime="20200724 17:45:11.889" endtime="20200724 17:45:34.991"></status>
</kw>
<status status="PASS" starttime="20200724 17:45:11.888" endtime="20200724 17:45:34.993" critical="yes"></status>
</test>
<test id="s1-t7" name="Login user with email as test002_automation_2020@test.com and password as ">
<kw name="Invalid Login">
<doc>Login Details is exported from the LoginPageObject</doc>
<arguments>
<arg>test002_automation_2020@test.com</arg>
<arg>${EMPTY}</arg>
</arguments>
<kw name="Login Details Object" library="LoginPageObject">
<arguments>
<arg>${Email}</arg>
<arg>${Password}</arg>
<arg>${LoginPageTitle}</arg>
</arguments>
<kw name="Set Selenium Speed" library="SeleniumLibrary">
<doc>Sets the delay that is waited after each Selenium command.</doc>
<arguments>
<arg>1</arg>
</arguments>
<status status="PASS" starttime="20200724 17:45:35.004" endtime="20200724 17:45:35.005"></status>
</kw>
<kw name="Click Sigin Link" library="LoginKeywords">
<kw name="Click Link" library="SeleniumLibrary">
<doc>Clicks a link identified by ``locator``.</doc>
<arguments>
<arg>${Signin_Link}</arg>
</arguments>
<msg timestamp="20200724 17:45:35.006" level="INFO">Clicking link 'xpath://a[@class='login']'.</msg>
<status status="PASS" starttime="20200724 17:45:35.006" endtime="20200724 17:45:39.390"></status>
</kw>
<status status="PASS" starttime="20200724 17:45:35.005" endtime="20200724 17:45:39.390"></status>
</kw>
<kw name="Verify Page Title" library="LoginKeywords">
<arguments>
<arg>${CurrentPageTitle}</arg>
</arguments>
<kw name="Title Should Be" library="SeleniumLibrary">
<doc>Verifies that the current page title equals ``title``.</doc>
<arguments>
<arg>${PageTitle}</arg>
</arguments>
<msg timestamp="20200724 17:45:40.396" level="INFO">Page title is 'Login - My Store'.</msg>
<status status="PASS" starttime="20200724 17:45:39.390" endtime="20200724 17:45:40.396"></status>
</kw>
<status status="PASS" starttime="20200724 17:45:39.390" endtime="20200724 17:45:40.397"></status>
</kw>
<kw name="Sleep" library="BuiltIn">
<doc>Pauses the test executed for the given time.</doc>
<arguments>
<arg>3</arg>
</arguments>
<msg timestamp="20200724 17:45:43.400" level="INFO">Slept 3 seconds</msg>
<status status="PASS" starttime="20200724 17:45:40.397" endtime="20200724 17:45:43.400"></status>
</kw>
<kw name="Enter UserEmail" library="LoginKeywords">
<arguments>
<arg>${Email}</arg>
</arguments>
<kw name="Input Text" library="SeleniumLibrary">
<doc>Types the given ``text`` into the text field identified by ``locator``.</doc>
<arguments>
<arg>${UserEmailAddress}</arg>
<arg>${Email}</arg>
</arguments>
<msg timestamp="20200724 17:45:43.401" level="INFO">Typing text 'test002_automation_2020@test.com' into text field 'name:email'.</msg>
<status status="PASS" starttime="20200724 17:45:43.400" endtime="20200724 17:45:46.552"></status>
</kw>
<status status="PASS" starttime="20200724 17:45:43.400" endtime="20200724 17:45:46.552"></status>
</kw>
<kw name="Enter UserPassword" library="LoginKeywords">
<arguments>
<arg>${Password}</arg>
</arguments>
<kw name="Input Text" library="SeleniumLibrary">
<doc>Types the given ``text`` into the text field identified by ``locator``.</doc>
<arguments>
<arg>${UserPassword}</arg>
<arg>${Password}</arg>
</arguments>
<msg timestamp="20200724 17:45:46.553" level="INFO">Typing text '' into text field 'name:passwd'.</msg>
<status status="PASS" starttime="20200724 17:45:46.552" endtime="20200724 17:45:49.698"></status>
</kw>
<status status="PASS" starttime="20200724 17:45:46.552" endtime="20200724 17:45:49.698"></status>
</kw>
<kw name="Click Signin Button" library="LoginKeywords">
<kw name="Click Button" library="SeleniumLibrary">
<doc>Clicks the button identified by ``locator``.</doc>
<arguments>
<arg>${SigninButton}</arg>
</arguments>
<msg timestamp="20200724 17:45:49.699" level="INFO">Clicking button 'id:SubmitLogin'.</msg>
<status status="PASS" starttime="20200724 17:45:49.698" endtime="20200724 17:45:55.999"></status>
</kw>
<status status="PASS" starttime="20200724 17:45:49.698" endtime="20200724 17:45:55.999"></status>
</kw>
<status status="PASS" starttime="20200724 17:45:35.002" endtime="20200724 17:45:55.999"></status>
</kw>
<kw name="Visible Sigin Error Message" library="LoginKeywords">
<arguments>
<arg>${Error Message}</arg>
</arguments>
<kw name="Page Should Contain" library="SeleniumLibrary">
<doc>Verifies that current page contains ``text``.</doc>
<arguments>
<arg>${ErrorMessage}</arg>
</arguments>
<msg timestamp="20200724 17:45:58.029" level="INFO">Current page contains text 'There is 1 error'.</msg>
<status status="PASS" starttime="20200724 17:45:56.000" endtime="20200724 17:45:58.029"></status>
</kw>
<status status="PASS" starttime="20200724 17:45:55.999" endtime="20200724 17:45:58.031"></status>
</kw>
<status status="PASS" starttime="20200724 17:45:35.000" endtime="20200724 17:45:58.031"></status>
</kw>
<status status="PASS" starttime="20200724 17:45:34.998" endtime="20200724 17:45:58.031" critical="yes"></status>
</test>
<test id="s1-t8" name="Login user with email as test003_automation_2020@test.com and password as malta1">
<kw name="Invalid Login">
<doc>Login Details is exported from the LoginPageObject</doc>
<arguments>
<arg>test003_automation_2020@test.com</arg>
<arg>malta1</arg>
</arguments>
<kw name="Login Details Object" library="LoginPageObject">
<arguments>
<arg>${Email}</arg>
<arg>${Password}</arg>
<arg>${LoginPageTitle}</arg>
</arguments>
<kw name="Set Selenium Speed" library="SeleniumLibrary">
<doc>Sets the delay that is waited after each Selenium command.</doc>
<arguments>
<arg>1</arg>
</arguments>
<status status="PASS" starttime="20200724 17:45:58.042" endtime="20200724 17:45:58.043"></status>
</kw>
<kw name="Click Sigin Link" library="LoginKeywords">
<kw name="Click Link" library="SeleniumLibrary">
<doc>Clicks a link identified by ``locator``.</doc>
<arguments>
<arg>${Signin_Link}</arg>
</arguments>
<msg timestamp="20200724 17:45:58.044" level="INFO">Clicking link 'xpath://a[@class='login']'.</msg>
<status status="PASS" starttime="20200724 17:45:58.044" endtime="20200724 17:46:03.308"></status>
</kw>
<status status="PASS" starttime="20200724 17:45:58.043" endtime="20200724 17:46:03.308"></status>
</kw>
<kw name="Verify Page Title" library="LoginKeywords">
<arguments>
<arg>${CurrentPageTitle}</arg>
</arguments>
<kw name="Title Should Be" library="SeleniumLibrary">
<doc>Verifies that the current page title equals ``title``.</doc>
<arguments>
<arg>${PageTitle}</arg>
</arguments>
<msg timestamp="20200724 17:46:04.321" level="INFO">Page title is 'Login - My Store'.</msg>
<status status="PASS" starttime="20200724 17:46:03.309" endtime="20200724 17:46:04.321"></status>
</kw>
<status status="PASS" starttime="20200724 17:46:03.308" endtime="20200724 17:46:04.321"></status>
</kw>
<kw name="Sleep" library="BuiltIn">
<doc>Pauses the test executed for the given time.</doc>
<arguments>
<arg>3</arg>
</arguments>
<msg timestamp="20200724 17:46:07.322" level="INFO">Slept 3 seconds</msg>
<status status="PASS" starttime="20200724 17:46:04.321" endtime="20200724 17:46:07.322"></status>
</kw>
<kw name="Enter UserEmail" library="LoginKeywords">
<arguments>
<arg>${Email}</arg>
</arguments>
<kw name="Input Text" library="SeleniumLibrary">
<doc>Types the given ``text`` into the text field identified by ``locator``.</doc>
<arguments>
<arg>${UserEmailAddress}</arg>
<arg>${Email}</arg>
</arguments>
<msg timestamp="20200724 17:46:07.323" level="INFO">Typing text 'test003_automation_2020@test.com' into text field 'name:email'.</msg>
<status status="PASS" starttime="20200724 17:46:07.323" endtime="20200724 17:46:10.479"></status>
</kw>
<status status="PASS" starttime="20200724 17:46:07.322" endtime="20200724 17:46:10.480"></status>
</kw>
<kw name="Enter UserPassword" library="LoginKeywords">
<arguments>
<arg>${Password}</arg>
</arguments>
<kw name="Input Text" library="SeleniumLibrary">
<doc>Types the given ``text`` into the text field identified by ``locator``.</doc>
<arguments>
<arg>${UserPassword}</arg>
<arg>${Password}</arg>
</arguments>
<msg timestamp="20200724 17:46:10.483" level="INFO">Typing text 'malta1' into text field 'name:passwd'.</msg>
<status status="PASS" starttime="20200724 17:46:10.482" endtime="20200724 17:46:13.621"></status>
</kw>
<status status="PASS" starttime="20200724 17:46:10.480" endtime="20200724 17:46:13.623"></status>
</kw>
<kw name="Click Signin Button" library="LoginKeywords">
<kw name="Click Button" library="SeleniumLibrary">
<doc>Clicks the button identified by ``locator``.</doc>
<arguments>
<arg>${SigninButton}</arg>
</arguments>
<msg timestamp="20200724 17:46:13.625" level="INFO">Clicking button 'id:SubmitLogin'.</msg>
<status status="PASS" starttime="20200724 17:46:13.624" endtime="20200724 17:46:19.919"></status>
</kw>
<status status="PASS" starttime="20200724 17:46:13.623" endtime="20200724 17:46:19.919"></status>
</kw>
<status status="PASS" starttime="20200724 17:45:58.040" endtime="20200724 17:46:19.920"></status>
</kw>
<kw name="Visible Sigin Error Message" library="LoginKeywords">
<arguments>
<arg>${Error Message}</arg>
</arguments>
<kw name="Page Should Contain" library="SeleniumLibrary">
<doc>Verifies that current page contains ``text``.</doc>
<arguments>
<arg>${ErrorMessage}</arg>
</arguments>
<msg timestamp="20200724 17:46:21.958" level="INFO">Current page contains text 'There is 1 error'.</msg>
<status status="PASS" starttime="20200724 17:46:19.921" endtime="20200724 17:46:21.958"></status>
</kw>
<status status="PASS" starttime="20200724 17:46:19.920" endtime="20200724 17:46:21.958"></status>
</kw>
<status status="PASS" starttime="20200724 17:45:58.039" endtime="20200724 17:46:21.958"></status>
</kw>
<status status="PASS" starttime="20200724 17:45:58.036" endtime="20200724 17:46:21.959" critical="yes"></status>
</test>
<kw name="Close All Browsers Completely" library="LoginKeywords" type="teardown">
<kw name="Close All Browsers" library="SeleniumLibrary">
<doc>Closes all open browsers and resets the browser cache.</doc>
<status status="PASS" starttime="20200724 17:46:21.963" endtime="20200724 17:46:25.003"></status>
</kw>
<status status="PASS" starttime="20200724 17:46:21.963" endtime="20200724 17:46:25.003"></status>
</kw>
<status status="PASS" starttime="20200724 17:43:01.139" endtime="20200724 17:46:25.003"></status>
</suite>
<statistics>
<total>
<stat pass="8" fail="0">Critical Tests</stat>
<stat pass="8" fail="0">All Tests</stat>
</total>
<tag>
</tag>
<suite>
<stat pass="8" fail="0" id="s1" name="Invalidlogintest">Invalidlogintest</stat>
</suite>
</statistics>
<errors>
</errors>
</robot>
