<?xml version="1.0" encoding="UTF-8"?>
<robot generator="Robot 3.2.1 (Python 3.8.3 on win32)" generated="20200722 17:54:33.588" rpa="false">
<suite id="s1" name="Validlogintest" source="D:\AutomationChallengeCode\TestCases\validlogintest.robot">
<kw name="Open Site Browser" library="LoginKeywords" type="setup">
<arguments>
<arg>${SiteUrl}</arg>
<arg>${Browser}</arg>
<arg>${Title}</arg>
</arguments>
<kw name="Open Browser" library="SeleniumLibrary">
<doc>Opens a new browser instance to the optional ``url``.</doc>
<arguments>
<arg>${SiteUrl}</arg>
<arg>${Browser}</arg>
</arguments>
<msg timestamp="20200722 17:54:34.097" level="INFO">Opening browser 'chrome' to base url 'http://automationpractice.com/'.</msg>
<status status="PASS" starttime="20200722 17:54:34.096" endtime="20200722 17:54:45.016"></status>
</kw>
<kw name="Maximize Browser Window" library="SeleniumLibrary">
<doc>Maximizes current browser window.</doc>
<status status="PASS" starttime="20200722 17:54:45.016" endtime="20200722 17:54:47.139"></status>
</kw>
<kw name="Title Should Be" library="SeleniumLibrary">
<doc>Verifies that the current page title equals ``title``.</doc>
<arguments>
<arg>${Title}</arg>
</arguments>
<msg timestamp="20200722 17:54:47.144" level="INFO">Page title is 'My Store'.</msg>
<status status="PASS" starttime="20200722 17:54:47.139" endtime="20200722 17:54:47.144"></status>
</kw>
<status status="PASS" starttime="20200722 17:54:34.096" endtime="20200722 17:54:47.144"></status>
</kw>
<test id="s1-t1" name="Login user with email as test_automation_2020@test.com and password as malta">
<kw name="Valid Login">
<arguments>
<arg>test_automation_2020@test.com</arg>
<arg>malta</arg>
</arguments>
<kw name="Set Selenium Speed" library="SeleniumLibrary">
<doc>Sets the delay that is waited after each Selenium command.</doc>
<arguments>
<arg>1</arg>
</arguments>
<status status="PASS" starttime="20200722 17:54:47.145" endtime="20200722 17:54:47.145"></status>
</kw>
<kw name="Click Sigin Link" library="LoginKeywords">
<kw name="Click Link" library="SeleniumLibrary">
<doc>Clicks a link identified by ``locator``.</doc>
<arguments>
<arg>${Signin_Link}</arg>
</arguments>
<msg timestamp="20200722 17:54:47.146" level="INFO">Clicking link 'xpath://a[@class='login']'.</msg>
<status status="PASS" starttime="20200722 17:54:47.146" endtime="20200722 17:54:53.120"></status>
</kw>
<status status="PASS" starttime="20200722 17:54:47.145" endtime="20200722 17:54:53.120"></status>
</kw>
<kw name="Verify Page Title" library="LoginKeywords">
<arguments>
<arg>${LoginPageTitle}</arg>
</arguments>
<kw name="Title Should Be" library="SeleniumLibrary">
<doc>Verifies that the current page title equals ``title``.</doc>
<arguments>
<arg>${PageTitle}</arg>
</arguments>
<msg timestamp="20200722 17:54:54.126" level="INFO">Page title is 'Login - My Store'.</msg>
<status status="PASS" starttime="20200722 17:54:53.120" endtime="20200722 17:54:54.126"></status>
</kw>
<status status="PASS" starttime="20200722 17:54:53.120" endtime="20200722 17:54:54.126"></status>
</kw>
<kw name="Enter UserEmail" library="LoginKeywords">
<arguments>
<arg>${Email}</arg>
</arguments>
<kw name="Input Text" library="SeleniumLibrary">
<doc>Types the given ``text`` into the text field identified by ``locator``.</doc>
<arguments>
<arg>${UserEmailAddress}</arg>
<arg>${Email}</arg>
</arguments>
<msg timestamp="20200722 17:54:54.127" level="INFO">Typing text 'test_automation_2020@test.com' into text field 'name:email'.</msg>
<status status="PASS" starttime="20200722 17:54:54.126" endtime="20200722 17:54:57.303"></status>
</kw>
<status status="PASS" starttime="20200722 17:54:54.126" endtime="20200722 17:54:57.304"></status>
</kw>
<kw name="Enter UserPassword" library="LoginKeywords">
<arguments>
<arg>${Password}</arg>
</arguments>
<kw name="Input Text" library="SeleniumLibrary">
<doc>Types the given ``text`` into the text field identified by ``locator``.</doc>
<arguments>
<arg>${UserPassword}</arg>
<arg>${Password}</arg>
</arguments>
<msg timestamp="20200722 17:54:57.306" level="INFO">Typing text 'malta' into text field 'name:passwd'.</msg>
<status status="PASS" starttime="20200722 17:54:57.305" endtime="20200722 17:55:00.406"></status>
</kw>
<status status="PASS" starttime="20200722 17:54:57.304" endtime="20200722 17:55:00.407"></status>
</kw>
<kw name="Click Signin Button" library="LoginKeywords">
<kw name="Click Button" library="SeleniumLibrary">
<doc>Clicks the button identified by ``locator``.</doc>
<arguments>
<arg>${SigninButton}</arg>
</arguments>
<msg timestamp="20200722 17:55:00.409" level="INFO">Clicking button 'id:SubmitLogin'.</msg>
<status status="PASS" starttime="20200722 17:55:00.409" endtime="20200722 17:55:08.159"></status>
</kw>
<status status="PASS" starttime="20200722 17:55:00.407" endtime="20200722 17:55:08.160"></status>
</kw>
<kw name="Verify Login Is Successfull" library="LoginKeywords">
<arguments>
<arg>${UserHomePageTitle}</arg>
</arguments>
<kw name="Title Should Be" library="SeleniumLibrary">
<doc>Verifies that the current page title equals ``title``.</doc>
<arguments>
<arg>${TitleIs}</arg>
</arguments>
<msg timestamp="20200722 17:55:09.175" level="INFO">Page title is 'My account - My Store'.</msg>
<status status="PASS" starttime="20200722 17:55:08.162" endtime="20200722 17:55:09.175"></status>
</kw>
<status status="PASS" starttime="20200722 17:55:08.160" endtime="20200722 17:55:09.175"></status>
</kw>
<kw name="Verify Page Contains" library="LoginKeywords">
<arguments>
<arg>${PageContains}</arg>
</arguments>
<kw name="Page Should Contain" library="SeleniumLibrary">
<doc>Verifies that current page contains ``text``.</doc>
<arguments>
<arg>${ShouldContain}</arg>
</arguments>
<msg timestamp="20200722 17:55:11.193" level="INFO">Current page contains text 'Welcome to your account'.</msg>
<status status="PASS" starttime="20200722 17:55:09.175" endtime="20200722 17:55:11.193"></status>
</kw>
<status status="PASS" starttime="20200722 17:55:09.175" endtime="20200722 17:55:11.194"></status>
</kw>
<status status="PASS" starttime="20200722 17:54:47.145" endtime="20200722 17:55:11.194"></status>
</kw>
<status status="PASS" starttime="20200722 17:54:47.144" endtime="20200722 17:55:11.196" critical="yes"></status>
</test>
<kw name="Close All Browsers Completely" library="LoginKeywords" type="teardown">
<kw name="Close All Browsers" library="SeleniumLibrary">
<doc>Closes all open browsers and resets the browser cache.</doc>
<status status="PASS" starttime="20200722 17:55:11.202" endtime="20200722 17:55:14.263"></status>
</kw>
<status status="PASS" starttime="20200722 17:55:11.201" endtime="20200722 17:55:14.264"></status>
</kw>
<status status="PASS" starttime="20200722 17:54:33.590" endtime="20200722 17:55:14.264"></status>
</suite>
<statistics>
<total>
<stat pass="1" fail="0">Critical Tests</stat>
<stat pass="1" fail="0">All Tests</stat>
</total>
<tag>
</tag>
<suite>
<stat pass="1" fail="0" id="s1" name="Validlogintest">Validlogintest</stat>
</suite>
</statistics>
<errors>
</errors>
</robot>
